<?xml version="1.0" encoding="UTF-8"?>
<!-- Generated by org.testng.reporters.JUnitXMLReporter -->
<testsuite hostname="Hitu-Mehul" ignored="0" name="Banking Test" tests="2" failures="2" timestamp="17 Apr 2019 20:10:06 GMT" time="20.134" errors="0">
  <testcase name="getGoogleTitle" time="1.237" classname="com.banking.testCases.TC_LoginTest_001">
    <failure type="java.lang.AssertionError" message="expected [false] but found [true]">
      <![CDATA[java.lang.AssertionError: expected [false] but found [true]
at com.banking.testCases.TC_LoginTest_001.getGoogleTitle(TC_LoginTest_001.java:46)
... Removed 31 stack frames]]>
    </failure>
  </testcase> <!-- getGoogleTitle -->
  <testcase name="getfbTitle" time="5.12" classname="com.banking.testCases.TC_LoginTest_001">
    <failure type="java.lang.AssertionError" message="expected [false] but found [true]">
      <![CDATA[java.lang.AssertionError: expected [false] but found [true]
at com.banking.testCases.TC_LoginTest_001.getfbTitle(TC_LoginTest_001.java:54)
... Removed 31 stack frames]]>
    </failure>
  </testcase> <!-- getfbTitle -->
</testsuite> <!-- Banking Test -->
