<?xml version="1.0" encoding="UTF-8"?>
<!-- Generated by org.testng.reporters.JUnitXMLReporter -->
<testsuite hostname="Hitu-Mehul" ignored="0" name="Banking Test-2" tests="1" failures="1" timestamp="29 Mar 2019 01:25:04 GMT" time="10.858" errors="0">
  <testcase name="loginTest" time="2.934" classname="com.banking.testCases.TC_LoginTest_001">
    <failure type="java.lang.AssertionError" message="expected [] but found [Guru99 Bank Home Page]">
      <![CDATA[java.lang.AssertionError: expected [] but found [Guru99 Bank Home Page]
	at com.banking.testCases.TC_LoginTest_001.loginTest(TC_LoginTest_001.java:24)
... Removed 31 stack frames]]>
    </failure>
  </testcase> <!-- loginTest -->
</testsuite> <!-- Banking Test-2 -->
